{"/Users/jorgeartigas/Downloads/its-cc-v2/src/todo-list/todo-list.html": {"path":"/Users/jorgeartigas/Downloads/its-cc-v2/src/todo-list/todo-list.html","statementMap":{"0":{"start":{"line":1,"column":0},"end":{"line":1,"column":813}}},"fnMap":{},"branchMap":{},"s":{"0":1},"f":{},"b":{},"_coverageSchema":"1a1c01bbd47fc00a2c39e90264f33305004495a9","hash":"2b4b1d133b7c0277b84a15dc6cc115c729c7d314"}
,"/Users/jorgeartigas/Downloads/its-cc-v2/src/todo-list/todo-list.ts": {"path":"/Users/jorgeartigas/Downloads/its-cc-v2/src/todo-list/todo-list.ts","statementMap":{"0":{"start":{"line":1,"column":0},"end":{"line":1,"column":75}},"1":{"start":{"line":2,"column":0},"end":{"line":2,"column":47}},"2":{"start":{"line":3,"column":0},"end":{"line":3,"column":89}},"3":{"start":{"line":4,"column":0},"end":{"line":4,"column":67}},"4":{"start":{"line":5,"column":0},"end":{"line":5,"column":58}},"5":{"start":{"line":6,"column":0},"end":{"line":6,"column":58}},"6":{"start":{"line":7,"column":0},"end":{"line":7,"column":55}},"7":{"start":{"line":22,"column":7},"end":{"line":45,"column":null}},"8":{"start":{"line":23,"column":19},"end":{"line":23,"column":64}},"9":{"start":{"line":24,"column":11},"end":{"line":24,"column":41}},"10":{"start":{"line":25,"column":11},"end":{"line":28,"column":5}},"11":{"start":{"line":31,"column":4},"end":{"line":34,"column":5}},"12":{"start":{"line":32,"column":6},"end":{"line":32,"column":39}},"13":{"start":{"line":33,"column":6},"end":{"line":33,"column":13}},"14":{"start":{"line":36,"column":32},"end":{"line":36,"column":59}},"15":{"start":{"line":37,"column":21},"end":{"line":37,"column":60}},"16":{"start":{"line":39,"column":4},"end":{"line":41,"column":5}},"17":{"start":{"line":40,"column":6},"end":{"line":40,"column":13}},"18":{"start":{"line":43,"column":4},"end":{"line":43,"column":26}},"19":{"start":{"line":22,"column":13},"end":{"line":22,"column":30}},"20":{"start":{"line":22,"column":13},"end":{"line":45,"column":null}}},"fnMap":{"0":{"name":"(anonymous_0)","decl":{"start":{"line":22,"column":7},"end":{"line":22,"column":13}},"loc":{"start":{"line":22,"column":7},"end":{"line":45,"column":1}}},"1":{"name":"(anonymous_1)","decl":{"start":{"line":30,"column":2},"end":{"line":30,"column":12}},"loc":{"start":{"line":30,"column":12},"end":{"line":44,"column":3}}}},"branchMap":{"0":{"loc":{"start":{"line":31,"column":4},"end":{"line":34,"column":5}},"type":"if","locations":[{"start":{"line":31,"column":4},"end":{"line":34,"column":5}},{"start":{},"end":{}}]},"1":{"loc":{"start":{"line":39,"column":4},"end":{"line":41,"column":5}},"type":"if","locations":[{"start":{"line":39,"column":4},"end":{"line":41,"column":5}},{"start":{},"end":{}}]}},"s":{"0":1,"1":1,"2":1,"3":1,"4":1,"5":1,"6":1,"7":1,"8":4,"9":4,"10":4,"11":3,"12":1,"13":1,"14":2,"15":2,"16":2,"17":1,"18":1,"19":1,"20":1},"f":{"0":4,"1":3},"b":{"0":[1,2],"1":[1,1]}}
,"/Users/jorgeartigas/Downloads/its-cc-v2/src/todo-list/todo.store.ts": {"path":"/Users/jorgeartigas/Downloads/its-cc-v2/src/todo-list/todo.store.ts","statementMap":{"0":{"start":{"line":1,"column":0},"end":{"line":1,"column":61}},"1":{"start":{"line":13,"column":53},"end":{"line":17,"column":2}},"2":{"start":{"line":19,"column":13},"end":{"line":23,"column":2}},"3":{"start":{"line":26,"column":7},"end":{"line":88,"column":null}},"4":{"start":{"line":27,"column":19},"end":{"line":27,"column":51}},"5":{"start":{"line":28,"column":11},"end":{"line":28,"column":44}},"6":{"start":{"line":29,"column":19},"end":{"line":29,"column":62}},"7":{"start":{"line":30,"column":11},"end":{"line":30,"column":60}},"8":{"start":{"line":31,"column":11},"end":{"line":47,"column":5}},"9":{"start":{"line":32,"column":4},"end":{"line":46,"column":8}},"10":{"start":{"line":34,"column":8},"end":{"line":41,"column":9}},"11":{"start":{"line":36,"column":12},"end":{"line":36,"column":34}},"12":{"start":{"line":38,"column":12},"end":{"line":38,"column":35}},"13":{"start":{"line":40,"column":12},"end":{"line":40,"column":24}},"14":{"start":{"line":45,"column":10},"end":{"line":45,"column":72}},"15":{"start":{"line":48,"column":11},"end":{"line":50,"column":5}},"16":{"start":{"line":49,"column":4},"end":{"line":49,"column":66}},"17":{"start":{"line":49,"column":42},"end":{"line":49,"column":57}},"18":{"start":{"line":51,"column":10},"end":{"line":51,"column":21}},"19":{"start":{"line":54,"column":4},"end":{"line":54,"column":36}},"20":{"start":{"line":58,"column":25},"end":{"line":58,"column":37}},"21":{"start":{"line":60,"column":4},"end":{"line":62,"column":5}},"22":{"start":{"line":61,"column":6},"end":{"line":61,"column":19}},"23":{"start":{"line":64,"column":4},"end":{"line":72,"column":7}},"24":{"start":{"line":64,"column":34},"end":{"line":72,"column":6}},"25":{"start":{"line":74,"column":4},"end":{"line":74,"column":16}},"26":{"start":{"line":78,"column":4},"end":{"line":78,"column":74}},"27":{"start":{"line":78,"column":34},"end":{"line":78,"column":72}},"28":{"start":{"line":78,"column":57},"end":{"line":78,"column":71}},"29":{"start":{"line":82,"column":4},"end":{"line":86,"column":6}},"30":{"start":{"line":83,"column":6},"end":{"line":84,"column":null}},"31":{"start":{"line":84,"column":8},"end":{"line":84,"column":71}},"32":{"start":{"line":26,"column":13},"end":{"line":26,"column":22}},"33":{"start":{"line":26,"column":13},"end":{"line":88,"column":null}}},"fnMap":{"0":{"name":"(anonymous_0)","decl":{"start":{"line":26,"column":7},"end":{"line":26,"column":13}},"loc":{"start":{"line":26,"column":7},"end":{"line":88,"column":1}}},"1":{"name":"(anonymous_1)","decl":{"start":{"line":31,"column":35},"end":{"line":31,"column":38}},"loc":{"start":{"line":31,"column":40},"end":{"line":47,"column":3}}},"2":{"name":"(anonymous_2)","decl":{"start":{"line":33,"column":14},"end":{"line":33,"column":15}},"loc":{"start":{"line":33,"column":23},"end":{"line":42,"column":7}}},"3":{"name":"(anonymous_3)","decl":{"start":{"line":44,"column":8},"end":{"line":44,"column":9}},"loc":{"start":{"line":45,"column":10},"end":{"line":45,"column":72}}},"4":{"name":"(anonymous_4)","decl":{"start":{"line":48,"column":40},"end":{"line":48,"column":43}},"loc":{"start":{"line":48,"column":45},"end":{"line":50,"column":3}}},"5":{"name":"(anonymous_5)","decl":{"start":{"line":49,"column":32},"end":{"line":49,"column":33}},"loc":{"start":{"line":49,"column":42},"end":{"line":49,"column":57}}},"6":{"name":"(anonymous_6)","decl":{"start":{"line":53,"column":2},"end":{"line":53,"column":11}},"loc":{"start":{"line":53,"column":30},"end":{"line":55,"column":3}}},"7":{"name":"(anonymous_7)","decl":{"start":{"line":57,"column":2},"end":{"line":57,"column":9}},"loc":{"start":{"line":57,"column":47},"end":{"line":75,"column":3}}},"8":{"name":"(anonymous_8)","decl":{"start":{"line":64,"column":23},"end":{"line":64,"column":24}},"loc":{"start":{"line":64,"column":34},"end":{"line":72,"column":6}}},"9":{"name":"(anonymous_9)","decl":{"start":{"line":77,"column":2},"end":{"line":77,"column":12}},"loc":{"start":{"line":77,"column":23},"end":{"line":79,"column":3}}},"10":{"name":"(anonymous_10)","decl":{"start":{"line":78,"column":23},"end":{"line":78,"column":24}},"loc":{"start":{"line":78,"column":34},"end":{"line":78,"column":72}}},"11":{"name":"(anonymous_11)","decl":{"start":{"line":78,"column":47},"end":{"line":78,"column":48}},"loc":{"start":{"line":78,"column":57},"end":{"line":78,"column":71}}},"12":{"name":"(anonymous_12)","decl":{"start":{"line":81,"column":2},"end":{"line":81,"column":12}},"loc":{"start":{"line":81,"column":23},"end":{"line":87,"column":3}}},"13":{"name":"(anonymous_13)","decl":{"start":{"line":82,"column":23},"end":{"line":82,"column":24}},"loc":{"start":{"line":83,"column":6},"end":{"line":84,"column":null}}},"14":{"name":"(anonymous_14)","decl":{"start":{"line":83,"column":16},"end":{"line":83,"column":17}},"loc":{"start":{"line":84,"column":8},"end":{"line":84,"column":71}}}},"branchMap":{"0":{"loc":{"start":{"line":34,"column":8},"end":{"line":41,"column":9}},"type":"switch","locations":[{"start":{"line":35,"column":10},"end":{"line":36,"column":34}},{"start":{"line":37,"column":10},"end":{"line":38,"column":35}},{"start":{"line":39,"column":10},"end":{"line":40,"column":24}}]},"1":{"loc":{"start":{"line":60,"column":4},"end":{"line":62,"column":5}},"type":"if","locations":[{"start":{"line":60,"column":4},"end":{"line":62,"column":5}},{"start":{},"end":{}}]},"2":{"loc":{"start":{"line":84,"column":8},"end":{"line":84,"column":71}},"type":"cond-expr","locations":[{"start":{"line":84,"column":25},"end":{"line":84,"column":64}},{"start":{"line":84,"column":67},"end":{"line":84,"column":71}}]}},"s":{"0":3,"1":3,"2":3,"3":3,"4":14,"5":14,"6":14,"7":14,"8":14,"9":8,"10":8,"11":2,"12":2,"13":4,"14":4,"15":14,"16":7,"17":4,"18":14,"19":2,"20":18,"21":18,"22":2,"23":16,"24":16,"25":16,"26":1,"27":1,"28":1,"29":5,"30":5,"31":8,"32":3,"33":3},"f":{"0":14,"1":8,"2":8,"3":4,"4":7,"5":4,"6":2,"7":18,"8":16,"9":1,"10":1,"11":1,"12":5,"13":5,"14":8},"b":{"0":[2,2,4],"1":[2,16],"2":[5,3]}}
,"/Users/jorgeartigas/Downloads/its-cc-v2/src/todo-list/todo-filters/todo-filters.ts": {"path":"/Users/jorgeartigas/Downloads/its-cc-v2/src/todo-list/todo-filters/todo-filters.ts","statementMap":{"0":{"start":{"line":1,"column":0},"end":{"line":1,"column":82}},"1":{"start":{"line":43,"column":27},"end":{"line":43,"column":null}},"2":{"start":{"line":44,"column":11},"end":{"line":44,"column":null}},"3":{"start":{"line":47,"column":4},"end":{"line":47,"column":37}},"4":{"start":{"line":42,"column":13},"end":{"line":42,"column":33}},"5":{"start":{"line":42,"column":13},"end":{"line":49,"column":null}}},"fnMap":{"0":{"name":"(anonymous_0)","decl":{"start":{"line":42,"column":7},"end":{"line":42,"column":13}},"loc":{"start":{"line":42,"column":7},"end":{"line":49,"column":null}}},"1":{"name":"(anonymous_1)","decl":{"start":{"line":46,"column":2},"end":{"line":46,"column":14}},"loc":{"start":{"line":46,"column":33},"end":{"line":48,"column":3}}}},"branchMap":{},"s":{"0":2,"1":6,"2":6,"3":1,"4":2,"5":2},"f":{"0":6,"1":1},"b":{}}
,"/Users/jorgeartigas/Downloads/its-cc-v2/src/todo-list/todo-form/todo-form.ts": {"path":"/Users/jorgeartigas/Downloads/its-cc-v2/src/todo-list/todo-form/todo-form.ts","statementMap":{"0":{"start":{"line":1,"column":0},"end":{"line":1,"column":82}},"1":{"start":{"line":2,"column":0},"end":{"line":2,"column":64}},"2":{"start":{"line":44,"column":22},"end":{"line":44,"column":null}},"3":{"start":{"line":45,"column":11},"end":{"line":45,"column":null}},"4":{"start":{"line":48,"column":4},"end":{"line":48,"column":27}},"5":{"start":{"line":49,"column":4},"end":{"line":49,"column":26}},"6":{"start":{"line":43,"column":13},"end":{"line":43,"column":30}},"7":{"start":{"line":43,"column":13},"end":{"line":51,"column":null}}},"fnMap":{"0":{"name":"(anonymous_0)","decl":{"start":{"line":43,"column":7},"end":{"line":43,"column":13}},"loc":{"start":{"line":43,"column":7},"end":{"line":51,"column":null}}},"1":{"name":"(anonymous_1)","decl":{"start":{"line":47,"column":2},"end":{"line":47,"column":14}},"loc":{"start":{"line":47,"column":27},"end":{"line":50,"column":3}}}},"branchMap":{},"s":{"0":2,"1":2,"2":6,"3":6,"4":4,"5":4,"6":2,"7":2},"f":{"0":6,"1":4},"b":{}}
,"/Users/jorgeartigas/Downloads/its-cc-v2/src/todo-list/todo-item/todo-item.ts": {"path":"/Users/jorgeartigas/Downloads/its-cc-v2/src/todo-list/todo-item/todo-item.ts","statementMap":{"0":{"start":{"line":1,"column":0},"end":{"line":1,"column":null}},"1":{"start":{"line":8,"column":0},"end":{"line":8,"column":58}},"2":{"start":{"line":46,"column":18},"end":{"line":46,"column":null}},"3":{"start":{"line":47,"column":11},"end":{"line":47,"column":null}},"4":{"start":{"line":48,"column":11},"end":{"line":48,"column":null}},"5":{"start":{"line":49,"column":11},"end":{"line":49,"column":65}},"6":{"start":{"line":49,"column":39},"end":{"line":49,"column":63}},"7":{"start":{"line":50,"column":11},"end":{"line":50,"column":81}},"8":{"start":{"line":50,"column":42},"end":{"line":50,"column":79}},"9":{"start":{"line":45,"column":13},"end":{"line":45,"column":30}},"10":{"start":{"line":45,"column":13},"end":{"line":51,"column":null}}},"fnMap":{"0":{"name":"(anonymous_0)","decl":{"start":{"line":45,"column":7},"end":{"line":45,"column":13}},"loc":{"start":{"line":45,"column":7},"end":{"line":51,"column":null}}},"1":{"name":"(anonymous_1)","decl":{"start":{"line":49,"column":33},"end":{"line":49,"column":36}},"loc":{"start":{"line":49,"column":39},"end":{"line":49,"column":63}}},"2":{"name":"(anonymous_2)","decl":{"start":{"line":50,"column":36},"end":{"line":50,"column":39}},"loc":{"start":{"line":50,"column":42},"end":{"line":50,"column":79}}}},"branchMap":{},"s":{"0":2,"1":2,"2":4,"3":4,"4":4,"5":4,"6":4,"7":4,"8":4,"9":2,"10":2},"f":{"0":4,"1":4,"2":4},"b":{}}
}
