TN:
SF:src/todo-list/todo-list.html
FNF:0
FNH:0
DA:1,1
LF:1
LH:1
BRF:0
BRH:0
end_of_record
TN:
SF:src/todo-list/todo-list.ts
FN:22,(anonymous_0)
FN:30,(anonymous_1)
FNF:2
FNH:2
FNDA:4,(anonymous_0)
FNDA:3,(anonymous_1)
DA:1,1
DA:2,1
DA:3,1
DA:4,1
DA:5,1
DA:6,1
DA:7,1
DA:22,1
DA:23,4
DA:24,4
DA:25,4
DA:31,3
DA:32,1
DA:33,1
DA:36,2
DA:37,2
DA:39,2
DA:40,1
DA:43,1
LF:19
LH:19
BRDA:31,0,0,1
BRDA:31,0,1,2
BRDA:39,1,0,1
BRDA:39,1,1,1
BRF:4
BRH:4
end_of_record
TN:
SF:src/todo-list/todo.store.ts
FN:26,(anonymous_0)
FN:31,(anonymous_1)
FN:33,(anonymous_2)
FN:44,(anonymous_3)
FN:48,(anonymous_4)
FN:49,(anonymous_5)
FN:53,(anonymous_6)
FN:57,(anonymous_7)
FN:64,(anonymous_8)
FN:77,(anonymous_9)
FN:78,(anonymous_10)
FN:78,(anonymous_11)
FN:81,(anonymous_12)
FN:82,(anonymous_13)
FN:83,(anonymous_14)
FNF:15
FNH:15
FNDA:14,(anonymous_0)
FNDA:8,(anonymous_1)
FNDA:8,(anonymous_2)
FNDA:4,(anonymous_3)
FNDA:7,(anonymous_4)
FNDA:4,(anonymous_5)
FNDA:2,(anonymous_6)
FNDA:18,(anonymous_7)
FNDA:16,(anonymous_8)
FNDA:1,(anonymous_9)
FNDA:1,(anonymous_10)
FNDA:1,(anonymous_11)
FNDA:5,(anonymous_12)
FNDA:5,(anonymous_13)
FNDA:8,(anonymous_14)
DA:1,3
DA:13,3
DA:19,3
DA:26,3
DA:27,14
DA:28,14
DA:29,14
DA:30,14
DA:31,14
DA:32,8
DA:34,8
DA:36,2
DA:38,2
DA:40,4
DA:45,4
DA:48,14
DA:49,7
DA:51,14
DA:54,2
DA:58,18
DA:60,18
DA:61,2
DA:64,16
DA:74,16
DA:78,1
DA:82,5
DA:83,5
DA:84,8
LF:28
LH:28
BRDA:34,0,0,2
BRDA:34,0,1,2
BRDA:34,0,2,4
BRDA:60,1,0,2
BRDA:60,1,1,16
BRDA:84,2,0,5
BRDA:84,2,1,3
BRF:7
BRH:7
end_of_record
TN:
SF:src/todo-list/todo-filters/todo-filters.ts
FN:42,(anonymous_0)
FN:46,(anonymous_1)
FNF:2
FNH:2
FNDA:6,(anonymous_0)
FNDA:1,(anonymous_1)
DA:1,2
DA:42,2
DA:43,6
DA:44,6
DA:47,1
LF:5
LH:5
BRF:0
BRH:0
end_of_record
TN:
SF:src/todo-list/todo-form/todo-form.ts
FN:43,(anonymous_0)
FN:47,(anonymous_1)
FNF:2
FNH:2
FNDA:6,(anonymous_0)
FNDA:4,(anonymous_1)
DA:1,2
DA:2,2
DA:43,2
DA:44,6
DA:45,6
DA:48,4
DA:49,4
LF:7
LH:7
BRF:0
BRH:0
end_of_record
TN:
SF:src/todo-list/todo-item/todo-item.ts
FN:45,(anonymous_0)
FN:49,(anonymous_1)
FN:50,(anonymous_2)
FNF:3
FNH:3
FNDA:4,(anonymous_0)
FNDA:4,(anonymous_1)
FNDA:4,(anonymous_2)
DA:1,2
DA:8,2
DA:45,2
DA:46,4
DA:47,4
DA:48,4
DA:49,4
DA:50,4
LF:8
LH:8
BRF:0
BRH:0
end_of_record
